[ 2023-07-31 15:00:57,843 ] 187 werkzeug - INFO - [31m[1mWARNING: This is a development server. Do not use it in a production deployment. Use a production WSGI server instead.[0m
 * Running on all addresses (0.0.0.0)
 * Running on http://127.0.0.1:5000
 * Running on http://192.168.29.146:5000
[ 2023-07-31 15:00:57,843 ] 187 werkzeug - INFO - [33mPress CTRL+C to quit[0m
[ 2023-07-31 15:26:13,632 ] 1414 application - ERROR - Exception on /predictdata [GET]
Traceback (most recent call last):
  File "C:\Users\ROCKSTAR\Documents\Vaibhav INEURON\Machine Learning\Projects\Internship_Insurance\demo-pipeline-main\venv\lib\site-packages\flask\app.py", line 2190, in wsgi_app
    response = self.full_dispatch_request()
  File "C:\Users\ROCKSTAR\Documents\Vaibhav INEURON\Machine Learning\Projects\Internship_Insurance\demo-pipeline-main\venv\lib\site-packages\flask\app.py", line 1486, in full_dispatch_request
    rv = self.handle_user_exception(e)
  File "C:\Users\ROCKSTAR\Documents\Vaibhav INEURON\Machine Learning\Projects\Internship_Insurance\demo-pipeline-main\venv\lib\site-packages\flask\app.py", line 1484, in full_dispatch_request
    rv = self.dispatch_request()
  File "C:\Users\ROCKSTAR\Documents\Vaibhav INEURON\Machine Learning\Projects\Internship_Insurance\demo-pipeline-main\venv\lib\site-packages\flask\app.py", line 1469, in dispatch_request
    return self.ensure_sync(self.view_functions[rule.endpoint])(**view_args)
  File "C:\Users\ROCKSTAR\Documents\Vaibhav INEURON\Machine Learning\Projects\Internship_Insurance\demo-pipeline-main\application.py", line 19, in predict_datapoint
    return render_template('home.html')
  File "C:\Users\ROCKSTAR\Documents\Vaibhav INEURON\Machine Learning\Projects\Internship_Insurance\demo-pipeline-main\venv\lib\site-packages\flask\templating.py", line 150, in render_template
    template = app.jinja_env.get_or_select_template(template_name_or_list)
  File "C:\Users\ROCKSTAR\Documents\Vaibhav INEURON\Machine Learning\Projects\Internship_Insurance\demo-pipeline-main\venv\lib\site-packages\jinja2\environment.py", line 1081, in get_or_select_template
    return self.get_template(template_name_or_list, parent, globals)
  File "C:\Users\ROCKSTAR\Documents\Vaibhav INEURON\Machine Learning\Projects\Internship_Insurance\demo-pipeline-main\venv\lib\site-packages\jinja2\environment.py", line 1010, in get_template
    return self._load_template(name, globals)
  File "C:\Users\ROCKSTAR\Documents\Vaibhav INEURON\Machine Learning\Projects\Internship_Insurance\demo-pipeline-main\venv\lib\site-packages\jinja2\environment.py", line 969, in _load_template
    template = self.loader.load(self, name, self.make_globals(globals))
  File "C:\Users\ROCKSTAR\Documents\Vaibhav INEURON\Machine Learning\Projects\Internship_Insurance\demo-pipeline-main\venv\lib\site-packages\jinja2\loaders.py", line 126, in load
    source, filename, uptodate = self.get_source(environment, name)
  File "C:\Users\ROCKSTAR\Documents\Vaibhav INEURON\Machine Learning\Projects\Internship_Insurance\demo-pipeline-main\venv\lib\site-packages\flask\templating.py", line 64, in get_source
    return self._get_source_fast(environment, template)
  File "C:\Users\ROCKSTAR\Documents\Vaibhav INEURON\Machine Learning\Projects\Internship_Insurance\demo-pipeline-main\venv\lib\site-packages\flask\templating.py", line 98, in _get_source_fast
    raise TemplateNotFound(template)
jinja2.exceptions.TemplateNotFound: home.html
[ 2023-07-31 15:26:13,740 ] 187 werkzeug - INFO - 127.0.0.1 - - [31/Jul/2023 15:26:13] "[35m[1mGET /predictdata HTTP/1.1[0m" 500 -
[ 2023-07-31 15:26:14,070 ] 187 werkzeug - INFO - 127.0.0.1 - - [31/Jul/2023 15:26:14] "[33mGET /favicon.ico HTTP/1.1[0m" 404 -
